Fri Jan 12 01:45:29 EST 2001   [info] Default Properties File: org/apache/velocity/runtime/defaults/velocity.properties
Fri Jan 12 01:45:29 EST 2001   [info]    ** Property Override : runtime.log.warn.stacktrace = true
Fri Jan 12 01:45:29 EST 2001   [info]    ** Property Override : runtime.log.info.stacktrace = true
Fri Jan 12 01:45:29 EST 2001   [info]    ** Property Override : runtime.log.error.stacktrace = true
Fri Jan 12 01:45:29 EST 2001   [info] Log file being used is: /home/gmj/velocity/jakarta-velocity/whiteboard/geir/velocity.log
Fri Jan 12 01:45:29 EST 2001   [info] Resource Loader Instantiated: org.apache.velocity.runtime.resource.loader.FileResourceLoader
Fri Jan 12 01:45:29 EST 2001   [info] Resources Loaded From: /home/gmj/velocity/jakarta-velocity/whiteboard/geir/.
Fri Jan 12 01:45:29 EST 2001   [info] Resource Loader Initialized.
Fri Jan 12 01:45:29 EST 2001   [info] Loaded Pluggable Directive: org.apache.velocity.runtime.directive.Literal
Fri Jan 12 01:45:29 EST 2001   [info] Loaded Pluggable Directive: org.apache.velocity.runtime.directive.Macro
Fri Jan 12 01:45:29 EST 2001   [info] Loaded Pluggable Directive: org.apache.velocity.runtime.directive.Parse
Fri Jan 12 01:45:29 EST 2001   [info] Loaded Pluggable Directive: org.apache.velocity.runtime.directive.Include
Fri Jan 12 01:45:29 EST 2001   [info] Loaded Pluggable Directive: org.apache.velocity.runtime.directive.Foreach
Fri Jan 12 01:45:30 EST 2001   [info] Created: 20 parsers.
Fri Jan 12 01:45:30 EST 2001   [info] Velocimacro : initialization starting.
Fri Jan 12 01:45:30 EST 2001   [info] Velocimacro : adding VMs from global VM library template : VM_global_library.vm
Fri Jan 12 01:45:30 EST 2001   [info] Attempting to find VM_global_library.vm with org.apache.velocity.runtime.resource.loader.FileResourceLoader
Fri Jan 12 01:45:30 EST 2001  [error] FileResourceLoader Error: cannot find resource /home/gmj/velocity/jakarta-velocity/whiteboard/geir/./VM_global_library.vm
Fri Jan 12 01:45:30 EST 2001  [error] java.lang.Exception: Can't find VM_global_library.vm!
	at org.apache.velocity.runtime.resource.ResourceManager.getResource(ResourceManager.java:256)
	at org.apache.velocity.runtime.Runtime.getTemplate(Runtime.java:630)
	at org.apache.velocity.runtime.VelocimacroFactory.initVelocimacro(VelocimacroFactory.java:124)
	at org.apache.velocity.runtime.Runtime.init(Runtime.java:245)
	at org.apache.velocity.runtime.Runtime.init(Runtime.java:266)
	at org.apache.velocity.test.misc.Test.<init>(Test.java:155)
	at org.apache.velocity.test.misc.Test.main(Test.java:224)

Fri Jan 12 01:45:30 EST 2001   [info] Velocimacro : global VM library template macro registration complete.
Fri Jan 12 01:45:30 EST 2001   [info] Velocimacro : no local VM library template used.
Fri Jan 12 01:45:30 EST 2001   [info] Velocimacro : allowInline = true : VMs can be defined inline in templates
Fri Jan 12 01:45:30 EST 2001   [info] Velocimacro : allowInlineToOverride = false : VMs defined inline may NOT replace previous VM definitions
Fri Jan 12 01:45:30 EST 2001   [info] Velocimacro : allowInlineLocal = false : VMs defined inline will be  global in scope if allowed.
Fri Jan 12 01:45:30 EST 2001   [info] Velocimacro : messages on  : VM system will output information messages
Fri Jan 12 01:45:30 EST 2001   [info] Velocimacro : initialization complete.
Fri Jan 12 01:45:30 EST 2001   [info] Velocity successfully started.
Fri Jan 12 01:45:30 EST 2001   [info] Attempting to find xml.vm with org.apache.velocity.runtime.resource.loader.FileResourceLoader
Fri Jan 12 01:45:30 EST 2001   [info] Velocimacro : added new VM : #recursive( e indent ) : source = xml.vm
