Sun Feb 11 21:26:38 EST 2001   [info] Default Properties File: org/apache/velocity/runtime/defaults/velocity.properties
Sun Feb 11 21:26:38 EST 2001   [info]    ** Property Override : runtime.log = velocity_example.log
Sun Feb 11 21:26:38 EST 2001   [info] Log file being used is: /home/gmj/velocity/jakarta-velocity/examples/app_example1/velocity_example.log
Sun Feb 11 21:26:38 EST 2001   [info] Resource Loader Instantiated: org.apache.velocity.runtime.resource.loader.FileResourceLoader
Sun Feb 11 21:26:38 EST 2001   [info] Resources Loaded From: /home/gmj/velocity/jakarta-velocity/examples/app_example1/.
Sun Feb 11 21:26:38 EST 2001   [info] Resource Loader Initialized.
Sun Feb 11 21:26:38 EST 2001   [info] Loaded Pluggable Directive: org.apache.velocity.runtime.directive.Literal
Sun Feb 11 21:26:38 EST 2001   [info] Loaded Pluggable Directive: org.apache.velocity.runtime.directive.Macro
Sun Feb 11 21:26:38 EST 2001   [info] Loaded Pluggable Directive: org.apache.velocity.runtime.directive.Parse
Sun Feb 11 21:26:38 EST 2001   [info] Loaded Pluggable Directive: org.apache.velocity.runtime.directive.Include
Sun Feb 11 21:26:38 EST 2001   [info] Loaded Pluggable Directive: org.apache.velocity.runtime.directive.Foreach
Sun Feb 11 21:26:38 EST 2001   [info] Created: 20 parsers.
Sun Feb 11 21:26:38 EST 2001   [info] Velocimacro : initialization starting.
Sun Feb 11 21:26:38 EST 2001   [info] Velocimacro : adding VMs from global VM library template : VM_global_library.vm
Sun Feb 11 21:26:38 EST 2001   [info] Attempting to find VM_global_library.vm with org.apache.velocity.runtime.resource.loader.FileResourceLoader
Sun Feb 11 21:26:38 EST 2001  [error] FileResourceLoader Error: cannot find resource /home/gmj/velocity/jakarta-velocity/examples/app_example1/./VM_global_library.vm
Sun Feb 11 21:26:38 EST 2001  [error] java.lang.Exception: Can't find VM_global_library.vm!
Sun Feb 11 21:26:38 EST 2001   [info] Velocimacro : global VM library template macro registration complete.
Sun Feb 11 21:26:38 EST 2001   [info] Velocimacro : no local VM library template used.
Sun Feb 11 21:26:38 EST 2001   [info] Velocimacro : allowInline = true : VMs can be defined inline in templates
Sun Feb 11 21:26:38 EST 2001   [info] Velocimacro : allowInlineToOverride = false : VMs defined inline may NOT replace previous VM definitions
Sun Feb 11 21:26:38 EST 2001   [info] Velocimacro : allowInlineLocal = false : VMs defined inline will be  global in scope if allowed.
Sun Feb 11 21:26:38 EST 2001   [info] Velocimacro : messages on  : VM system will output information messages
Sun Feb 11 21:26:38 EST 2001   [info] Velocimacro : initialization complete.
Sun Feb 11 21:26:38 EST 2001   [info] Velocity successfully started.
Sun Feb 11 21:26:38 EST 2001   [info] Attempting to find example.vm with org.apache.velocity.runtime.resource.loader.FileResourceLoader
