Tue Apr 10 08:49:05 EDT 2001 AvalonLogSystem initialized using logfile /home/gmj/velocity/jakarta-velocity/examples/xmlapp_example/velocity.log
Tue Apr 10 08:49:05 EDT 2001   [info]   [info] Default Properties File: org/apache/velocity/runtime/defaults/velocity.properties
Tue Apr 10 08:49:05 EDT 2001   [info] Resource Loader Instantiated: org.apache.velocity.runtime.resource.loader.FileResourceLoader
Tue Apr 10 08:49:05 EDT 2001   [info] FileResourceLoader : initialization starting.
Tue Apr 10 08:49:05 EDT 2001   [info] FileResourceLoader : adding path '.'
Tue Apr 10 08:49:05 EDT 2001   [info] FileResourceLoader : initialization complete.
Tue Apr 10 08:49:05 EDT 2001   [info] Loaded Pluggable Directive: org.apache.velocity.runtime.directive.Literal
Tue Apr 10 08:49:05 EDT 2001   [info] Loaded Pluggable Directive: org.apache.velocity.runtime.directive.Macro
Tue Apr 10 08:49:05 EDT 2001   [info] Loaded Pluggable Directive: org.apache.velocity.runtime.directive.Parse
Tue Apr 10 08:49:05 EDT 2001   [info] Loaded Pluggable Directive: org.apache.velocity.runtime.directive.Include
Tue Apr 10 08:49:05 EDT 2001   [info] Loaded Pluggable Directive: org.apache.velocity.runtime.directive.Foreach
Tue Apr 10 08:49:06 EDT 2001   [info] Created: 20 parsers.
Tue Apr 10 08:49:06 EDT 2001   [info] Velocimacro : initialization starting.
Tue Apr 10 08:49:06 EDT 2001   [info] Velocimacro : adding VMs from VM library template : VM_global_library.vm
Tue Apr 10 08:49:06 EDT 2001  [error] ResourceManager : unable to find resource 'VM_global_library.vm' in any resource loader.
Tue Apr 10 08:49:06 EDT 2001   [info] Velocimacro : error using  VM library template VM_global_library.vm : org.apache.velocity.exception.ResourceNotFoundException: Unable to find resource 'VM_global_library.vm'
Tue Apr 10 08:49:06 EDT 2001   [info] Velocimacro : allowInline = true : VMs can be defined inline in templates
Tue Apr 10 08:49:06 EDT 2001   [info] Velocimacro : allowInlineToOverride = false : VMs defined inline may NOT replace previous VM definitions
Tue Apr 10 08:49:06 EDT 2001   [info] Velocimacro : allowInlineLocal = false : VMs defined inline will be  global in scope if allowed.
Tue Apr 10 08:49:06 EDT 2001   [info] Velocimacro : messages on  : VM system will output logging messages
Tue Apr 10 08:49:06 EDT 2001   [info] Velocimacro : initialization complete.
Tue Apr 10 08:49:06 EDT 2001   [info] Velocity successfully started.
Tue Apr 10 08:49:08 EDT 2001   [info] Velocimacro : added new VM : #recursive( e indent ) : source = xml.vm
Tue Apr 10 08:49:08 EDT 2001   [info] ResourceManager : found xml.vm with loader org.apache.velocity.runtime.resource.loader.FileResourceLoader
